2013/02/19 15:39:10 [error] [exception.CHttpException.404] exception 'CHttpException' with message 'Unable to resolve the request "product/index/rofl/add".' in C:\wamp\www\git_local\framework\web\CWebApplication.php:286
Stack trace:
#0 C:\wamp\www\git_local\framework\web\CWebApplication.php(141): CWebApplication->runController('product/index/r...')
#1 C:\wamp\www\git_local\framework\base\CApplication.php(169): CWebApplication->processRequest()
#2 C:\wamp\www\git_local\yii_kg\index.php(23): CApplication->run()
#3 {main}
REQUEST_URI=/git_local/yii_kg/product/index/rofl/add
---
2013/02/19 15:39:13 [error] [exception.CHttpException.404] exception 'CHttpException' with message 'Unable to resolve the request "product/index/rofl/reate".' in C:\wamp\www\git_local\framework\web\CWebApplication.php:286
Stack trace:
#0 C:\wamp\www\git_local\framework\web\CWebApplication.php(141): CWebApplication->runController('product/index/r...')
#1 C:\wamp\www\git_local\framework\base\CApplication.php(169): CWebApplication->processRequest()
#2 C:\wamp\www\git_local\yii_kg\index.php(23): CApplication->run()
#3 {main}
REQUEST_URI=/git_local/yii_kg/product/index/rofl/reate
---
2013/02/19 15:39:16 [error] [exception.CHttpException.404] exception 'CHttpException' with message 'Unable to resolve the request "product/index/rofl/create".' in C:\wamp\www\git_local\framework\web\CWebApplication.php:286
Stack trace:
#0 C:\wamp\www\git_local\framework\web\CWebApplication.php(141): CWebApplication->runController('product/index/r...')
#1 C:\wamp\www\git_local\framework\base\CApplication.php(169): CWebApplication->processRequest()
#2 C:\wamp\www\git_local\yii_kg\index.php(23): CApplication->run()
#3 {main}
REQUEST_URI=/git_local/yii_kg/product/index/rofl/create
---
2013/02/19 15:39:32 [error] [exception.CHttpException.404] exception 'CHttpException' with message 'Unable to resolve the request "product".' in C:\wamp\www\git_local\framework\web\CWebApplication.php:286
Stack trace:
#0 C:\wamp\www\git_local\framework\web\CWebApplication.php(141): CWebApplication->runController('product')
#1 C:\wamp\www\git_local\framework\base\CApplication.php(169): CWebApplication->processRequest()
#2 C:\wamp\www\git_local\yii_kg\index.php(23): CApplication->run()
#3 {main}
REQUEST_URI=/git_local/yii_kg/product
---
2013/02/19 15:39:34 [error] [exception.CHttpException.404] exception 'CHttpException' with message 'Unable to resolve the request "product/add".' in C:\wamp\www\git_local\framework\web\CWebApplication.php:286
Stack trace:
#0 C:\wamp\www\git_local\framework\web\CWebApplication.php(141): CWebApplication->runController('product/add')
#1 C:\wamp\www\git_local\framework\base\CApplication.php(169): CWebApplication->processRequest()
#2 C:\wamp\www\git_local\yii_kg\index.php(23): CApplication->run()
#3 {main}
REQUEST_URI=/git_local/yii_kg/product/add
---
2013/02/19 15:39:37 [error] [exception.CHttpException.404] exception 'CHttpException' with message 'Unable to resolve the request "product/create".' in C:\wamp\www\git_local\framework\web\CWebApplication.php:286
Stack trace:
#0 C:\wamp\www\git_local\framework\web\CWebApplication.php(141): CWebApplication->runController('product/create')
#1 C:\wamp\www\git_local\framework\base\CApplication.php(169): CWebApplication->processRequest()
#2 C:\wamp\www\git_local\yii_kg\index.php(23): CApplication->run()
#3 {main}
REQUEST_URI=/git_local/yii_kg/product/create
---
2013/02/19 15:43:38 [error] [php] preg_match(): Compilation failed: missing ) at offset 27 (C:\wamp\www\git_local\framework\web\CUrlManager.php:822)
Stack trace:
#0 C:\wamp\www\git_local\framework\web\CWebApplication.php(140): CUrlManager->parseUrl()
#1 C:\wamp\www\git_local\framework\base\CApplication.php(169): CWebApplication->processRequest()
#2 C:\wamp\www\git_local\yii_kg\index.php(23): CWebApplication->run()
REQUEST_URI=/git_local/yii_kg/1
2013/02/19 15:43:49 [error] [exception.CHttpException.404] exception 'CHttpException' with message 'Unable to resolve the request "1".' in C:\wamp\www\git_local\framework\web\CWebApplication.php:286
Stack trace:
#0 C:\wamp\www\git_local\framework\web\CWebApplication.php(141): CWebApplication->runController('1')
#1 C:\wamp\www\git_local\framework\base\CApplication.php(169): CWebApplication->processRequest()
#2 C:\wamp\www\git_local\yii_kg\index.php(23): CApplication->run()
#3 {main}
REQUEST_URI=/git_local/yii_kg/1
---
2013/02/19 15:45:08 [error] [exception.CHttpException.404] exception 'CHttpException' with message 'Unable to resolve the request "1".' in C:\wamp\www\git_local\framework\web\CWebApplication.php:286
Stack trace:
#0 C:\wamp\www\git_local\framework\web\CWebApplication.php(141): CWebApplication->runController('1')
#1 C:\wamp\www\git_local\framework\base\CApplication.php(169): CWebApplication->processRequest()
#2 C:\wamp\www\git_local\yii_kg\index.php(23): CApplication->run()
#3 {main}
REQUEST_URI=/git_local/yii_kg/rofl/1
---
2013/02/19 15:45:10 [error] [exception.CHttpException.404] exception 'CHttpException' with message 'Unable to resolve the request "1".' in C:\wamp\www\git_local\framework\web\CWebApplication.php:286
Stack trace:
#0 C:\wamp\www\git_local\framework\web\CWebApplication.php(141): CWebApplication->runController('1')
#1 C:\wamp\www\git_local\framework\base\CApplication.php(169): CWebApplication->processRequest()
#2 C:\wamp\www\git_local\yii_kg\index.php(23): CApplication->run()
#3 {main}
REQUEST_URI=/git_local/yii_kg/1
---
2013/02/19 15:45:11 [error] [exception.CHttpException.404] exception 'CHttpException' with message 'Unable to resolve the request "1".' in C:\wamp\www\git_local\framework\web\CWebApplication.php:286
Stack trace:
#0 C:\wamp\www\git_local\framework\web\CWebApplication.php(141): CWebApplication->runController('1')
#1 C:\wamp\www\git_local\framework\base\CApplication.php(169): CWebApplication->processRequest()
#2 C:\wamp\www\git_local\yii_kg\index.php(23): CApplication->run()
#3 {main}
REQUEST_URI=/git_local/yii_kg/1
---
2013/02/19 15:45:11 [error] [exception.CHttpException.404] exception 'CHttpException' with message 'Unable to resolve the request "1".' in C:\wamp\www\git_local\framework\web\CWebApplication.php:286
Stack trace:
#0 C:\wamp\www\git_local\framework\web\CWebApplication.php(141): CWebApplication->runController('1')
#1 C:\wamp\www\git_local\framework\base\CApplication.php(169): CWebApplication->processRequest()
#2 C:\wamp\www\git_local\yii_kg\index.php(23): CApplication->run()
#3 {main}
REQUEST_URI=/git_local/yii_kg/1
---
2013/02/19 15:45:50 [error] [exception.CHttpException.404] exception 'CHttpException' with message 'Unable to resolve the request "asd".' in C:\wamp\www\git_local\framework\web\CWebApplication.php:286
Stack trace:
#0 C:\wamp\www\git_local\framework\web\CWebApplication.php(141): CWebApplication->runController('asd')
#1 C:\wamp\www\git_local\framework\base\CApplication.php(169): CWebApplication->processRequest()
#2 C:\wamp\www\git_local\yii_kg\index.php(23): CApplication->run()
#3 {main}
REQUEST_URI=/git_local/yii_kg/asd
---
2013/02/19 15:53:25 [error] [exception.CHttpException.404] exception 'CHttpException' with message 'Unable to resolve the request "asd".' in C:\wamp\www\git_local\framework\web\CWebApplication.php:286
Stack trace:
#0 C:\wamp\www\git_local\framework\web\CWebApplication.php(141): CWebApplication->runController('asd')
#1 C:\wamp\www\git_local\framework\base\CApplication.php(169): CWebApplication->processRequest()
#2 C:\wamp\www\git_local\yii_kg\index.php(23): CApplication->run()
#3 {main}
REQUEST_URI=/git_local/yii_kg/asd
---
2013/02/19 15:57:01 [error] [exception.CHttpException.404] exception 'CHttpException' with message 'Unable to resolve the request "gii/product".' in C:\wamp\www\git_local\framework\web\CWebApplication.php:286
Stack trace:
#0 C:\wamp\www\git_local\framework\web\CWebApplication.php(141): CWebApplication->runController('gii/product')
#1 C:\wamp\www\git_local\framework\base\CApplication.php(169): CWebApplication->processRequest()
#2 C:\wamp\www\git_local\yii_kg\index.php(23): CApplication->run()
#3 {main}
REQUEST_URI=/git_local/yii_kg/gii/product
---
2013/02/19 15:57:05 [error] [exception.CHttpException.404] exception 'CHttpException' with message 'Unable to resolve the request "product".' in C:\wamp\www\git_local\framework\web\CWebApplication.php:286
Stack trace:
#0 C:\wamp\www\git_local\framework\web\CWebApplication.php(141): CWebApplication->runController('product')
#1 C:\wamp\www\git_local\framework\base\CApplication.php(169): CWebApplication->processRequest()
#2 C:\wamp\www\git_local\yii_kg\index.php(23): CApplication->run()
#3 {main}
REQUEST_URI=/git_local/yii_kg/product
---
2013/02/19 16:00:10 [error] [exception.CHttpException.404] exception 'CHttpException' with message 'The system is unable to find the requested action "view".' in C:\wamp\www\git_local\framework\web\CController.php:483
Stack trace:
#0 C:\wamp\www\git_local\framework\web\CController.php(270): CController->missingAction('view')
#1 C:\wamp\www\git_local\framework\web\CWebApplication.php(282): CController->run('view')
#2 C:\wamp\www\git_local\framework\web\CWebApplication.php(141): CWebApplication->runController('product/view')
#3 C:\wamp\www\git_local\framework\base\CApplication.php(169): CWebApplication->processRequest()
#4 C:\wamp\www\git_local\yii_kg\index.php(23): CApplication->run()
#5 {main}
REQUEST_URI=/git_local/yii_kg/product/1
---
2013/02/19 16:00:24 [error] [exception.CHttpException.404] exception 'CHttpException' with message 'The system is unable to find the requested action "1".' in C:\wamp\www\git_local\framework\web\CController.php:483
Stack trace:
#0 C:\wamp\www\git_local\framework\web\CController.php(270): CController->missingAction('1')
#1 C:\wamp\www\git_local\framework\web\CWebApplication.php(282): CController->run('1')
#2 C:\wamp\www\git_local\framework\web\CWebApplication.php(141): CWebApplication->runController('product/1')
#3 C:\wamp\www\git_local\framework\base\CApplication.php(169): CWebApplication->processRequest()
#4 C:\wamp\www\git_local\yii_kg\index.php(23): CApplication->run()
#5 {main}
REQUEST_URI=/git_local/yii_kg/product/1
---
2013/02/19 16:00:37 [error] [php] Trying to get property of non-object (C:\wamp\www\git_local\yii_kg\protected\views\product\index.php:1)
Stack trace:
#0 C:\wamp\www\git_local\framework\web\CController.php(869): ProductController->renderFile()
#1 C:\wamp\www\git_local\framework\web\CController.php(782): ProductController->renderPartial()
#2 C:\wamp\www\git_local\yii_kg\protected\controllers\ProductController.php(13): ProductController->render()
#3 unknown(0): ProductController->actionIndex()
#4 C:\wamp\www\git_local\framework\web\actions\CAction.php(108): ReflectionMethod->invokeArgs()
#5 C:\wamp\www\git_local\framework\web\actions\CInlineAction.php(47): CInlineAction->runWithParamsInternal()
#6 C:\wamp\www\git_local\framework\web\CController.php(308): CInlineAction->runWithParams()
#7 C:\wamp\www\git_local\framework\web\CController.php(286): ProductController->runAction()
#8 C:\wamp\www\git_local\framework\web\CController.php(265): ProductController->runActionWithFilters()
#9 C:\wamp\www\git_local\framework\web\CWebApplication.php(282): ProductController->run()
#10 C:\wamp\www\git_local\framework\web\CWebApplication.php(141): CWebApplication->runController()
#11 C:\wamp\www\git_local\framework\base\CApplication.php(169): CWebApplication->processRequest()
#12 C:\wamp\www\git_local\yii_kg\index.php(23): CWebApplication->run()
REQUEST_URI=/git_local/yii_kg/product/index/id/1
2013/02/19 16:01:03 [error] [php] Trying to get property of non-object (C:\wamp\www\git_local\yii_kg\protected\views\product\index.php:1)
Stack trace:
#0 C:\wamp\www\git_local\framework\web\CController.php(869): ProductController->renderFile()
#1 C:\wamp\www\git_local\framework\web\CController.php(782): ProductController->renderPartial()
#2 C:\wamp\www\git_local\yii_kg\protected\controllers\ProductController.php(13): ProductController->render()
#3 unknown(0): ProductController->actionIndex()
#4 C:\wamp\www\git_local\framework\web\actions\CAction.php(108): ReflectionMethod->invokeArgs()
#5 C:\wamp\www\git_local\framework\web\actions\CInlineAction.php(47): CInlineAction->runWithParamsInternal()
#6 C:\wamp\www\git_local\framework\web\CController.php(308): CInlineAction->runWithParams()
#7 C:\wamp\www\git_local\framework\web\CController.php(286): ProductController->runAction()
#8 C:\wamp\www\git_local\framework\web\CController.php(265): ProductController->runActionWithFilters()
#9 C:\wamp\www\git_local\framework\web\CWebApplication.php(282): ProductController->run()
#10 C:\wamp\www\git_local\framework\web\CWebApplication.php(141): CWebApplication->runController()
#11 C:\wamp\www\git_local\framework\base\CApplication.php(169): CWebApplication->processRequest()
#12 C:\wamp\www\git_local\yii_kg\index.php(23): CWebApplication->run()
REQUEST_URI=/git_local/yii_kg/product/index/id/2
2013/02/19 16:01:05 [error] [php] Trying to get property of non-object (C:\wamp\www\git_local\yii_kg\protected\views\product\index.php:1)
Stack trace:
#0 C:\wamp\www\git_local\framework\web\CController.php(869): ProductController->renderFile()
#1 C:\wamp\www\git_local\framework\web\CController.php(782): ProductController->renderPartial()
#2 C:\wamp\www\git_local\yii_kg\protected\controllers\ProductController.php(13): ProductController->render()
#3 unknown(0): ProductController->actionIndex()
#4 C:\wamp\www\git_local\framework\web\actions\CAction.php(108): ReflectionMethod->invokeArgs()
#5 C:\wamp\www\git_local\framework\web\actions\CInlineAction.php(47): CInlineAction->runWithParamsInternal()
#6 C:\wamp\www\git_local\framework\web\CController.php(308): CInlineAction->runWithParams()
#7 C:\wamp\www\git_local\framework\web\CController.php(286): ProductController->runAction()
#8 C:\wamp\www\git_local\framework\web\CController.php(265): ProductController->runActionWithFilters()
#9 C:\wamp\www\git_local\framework\web\CWebApplication.php(282): ProductController->run()
#10 C:\wamp\www\git_local\framework\web\CWebApplication.php(141): CWebApplication->runController()
#11 C:\wamp\www\git_local\framework\base\CApplication.php(169): CWebApplication->processRequest()
#12 C:\wamp\www\git_local\yii_kg\index.php(23): CWebApplication->run()
REQUEST_URI=/git_local/yii_kg/product/index/id/3
2013/02/19 16:21:43 [error] [exception.CHttpException.400] exception 'CHttpException' with message 'Your request is invalid.' in C:\wamp\www\git_local\framework\web\CController.php:336
Stack trace:
#0 C:\wamp\www\git_local\framework\web\CController.php(309): CController->invalidActionParams(Object(CInlineAction))
#1 C:\wamp\www\git_local\framework\web\CController.php(286): CController->runAction(Object(CInlineAction))
#2 C:\wamp\www\git_local\framework\web\CController.php(265): CController->runActionWithFilters(Object(CInlineAction), Array)
#3 C:\wamp\www\git_local\framework\web\CWebApplication.php(282): CController->run('index')
#4 C:\wamp\www\git_local\framework\web\CWebApplication.php(141): CWebApplication->runController('catalog/index')
#5 C:\wamp\www\git_local\framework\base\CApplication.php(169): CWebApplication->processRequest()
#6 C:\wamp\www\git_local\yii_kg\index.php(23): CApplication->run()
#7 {main}
REQUEST_URI=/git_local/yii_kg/catalog/index
HTTP_REFERER=http://localhost/git_local/yii_kg//
---
2013/02/19 16:22:10 [error] [exception.CHttpException.400] exception 'CHttpException' with message 'Your request is invalid.' in C:\wamp\www\git_local\framework\web\CController.php:336
Stack trace:
#0 C:\wamp\www\git_local\framework\web\CController.php(309): CController->invalidActionParams(Object(CInlineAction))
#1 C:\wamp\www\git_local\framework\web\CController.php(286): CController->runAction(Object(CInlineAction))
#2 C:\wamp\www\git_local\framework\web\CController.php(265): CController->runActionWithFilters(Object(CInlineAction), Array)
#3 C:\wamp\www\git_local\framework\web\CWebApplication.php(282): CController->run('index')
#4 C:\wamp\www\git_local\framework\web\CWebApplication.php(141): CWebApplication->runController('catalog/index')
#5 C:\wamp\www\git_local\framework\base\CApplication.php(169): CWebApplication->processRequest()
#6 C:\wamp\www\git_local\yii_kg\index.php(23): CApplication->run()
#7 {main}
REQUEST_URI=/git_local/yii_kg/catalog/index
HTTP_REFERER=http://localhost/git_local/yii_kg//
---
2013/02/19 16:23:24 [error] [exception.CHttpException.400] exception 'CHttpException' with message 'Your request is invalid.' in C:\wamp\www\git_local\framework\web\CController.php:336
Stack trace:
#0 C:\wamp\www\git_local\framework\web\CController.php(309): CController->invalidActionParams(Object(CInlineAction))
#1 C:\wamp\www\git_local\framework\web\CController.php(286): CController->runAction(Object(CInlineAction))
#2 C:\wamp\www\git_local\framework\web\CController.php(265): CController->runActionWithFilters(Object(CInlineAction), Array)
#3 C:\wamp\www\git_local\framework\web\CWebApplication.php(282): CController->run('index')
#4 C:\wamp\www\git_local\framework\web\CWebApplication.php(141): CWebApplication->runController('catalog/index')
#5 C:\wamp\www\git_local\framework\base\CApplication.php(169): CWebApplication->processRequest()
#6 C:\wamp\www\git_local\yii_kg\index.php(23): CApplication->run()
#7 {main}
REQUEST_URI=/git_local/yii_kg/catalog/index
HTTP_REFERER=http://localhost/git_local/yii_kg//
---
2013/02/19 16:23:30 [error] [exception.CHttpException.400] exception 'CHttpException' with message 'Your request is invalid.' in C:\wamp\www\git_local\framework\web\CController.php:336
Stack trace:
#0 C:\wamp\www\git_local\framework\web\CController.php(309): CController->invalidActionParams(Object(CInlineAction))
#1 C:\wamp\www\git_local\framework\web\CController.php(286): CController->runAction(Object(CInlineAction))
#2 C:\wamp\www\git_local\framework\web\CController.php(265): CController->runActionWithFilters(Object(CInlineAction), Array)
#3 C:\wamp\www\git_local\framework\web\CWebApplication.php(282): CController->run('')
#4 C:\wamp\www\git_local\framework\web\CWebApplication.php(141): CWebApplication->runController('catalog')
#5 C:\wamp\www\git_local\framework\base\CApplication.php(169): CWebApplication->processRequest()
#6 C:\wamp\www\git_local\yii_kg\index.php(23): CApplication->run()
#7 {main}
REQUEST_URI=/git_local/yii_kg/catalog
---
2013/02/19 16:23:33 [error] [exception.CHttpException.400] exception 'CHttpException' with message 'Your request is invalid.' in C:\wamp\www\git_local\framework\web\CController.php:336
Stack trace:
#0 C:\wamp\www\git_local\framework\web\CController.php(309): CController->invalidActionParams(Object(CInlineAction))
#1 C:\wamp\www\git_local\framework\web\CController.php(286): CController->runAction(Object(CInlineAction))
#2 C:\wamp\www\git_local\framework\web\CController.php(265): CController->runActionWithFilters(Object(CInlineAction), Array)
#3 C:\wamp\www\git_local\framework\web\CWebApplication.php(282): CController->run('index')
#4 C:\wamp\www\git_local\framework\web\CWebApplication.php(141): CWebApplication->runController('catalog/index')
#5 C:\wamp\www\git_local\framework\base\CApplication.php(169): CWebApplication->processRequest()
#6 C:\wamp\www\git_local\yii_kg\index.php(23): CApplication->run()
#7 {main}
REQUEST_URI=/git_local/yii_kg/catalog/index
---
2013/02/19 16:24:04 [error] [exception.CHttpException.400] exception 'CHttpException' with message 'Your request is invalid.' in C:\wamp\www\git_local\framework\web\CController.php:336
Stack trace:
#0 C:\wamp\www\git_local\framework\web\CController.php(309): CController->invalidActionParams(Object(CInlineAction))
#1 C:\wamp\www\git_local\framework\web\CController.php(286): CController->runAction(Object(CInlineAction))
#2 C:\wamp\www\git_local\framework\web\CController.php(265): CController->runActionWithFilters(Object(CInlineAction), Array)
#3 C:\wamp\www\git_local\framework\web\CWebApplication.php(282): CController->run('index')
#4 C:\wamp\www\git_local\framework\web\CWebApplication.php(141): CWebApplication->runController('catalog/index')
#5 C:\wamp\www\git_local\framework\base\CApplication.php(169): CWebApplication->processRequest()
#6 C:\wamp\www\git_local\yii_kg\index.php(23): CApplication->run()
#7 {main}
REQUEST_URI=/git_local/yii_kg/catalog/index
---
2013/02/19 16:24:09 [error] [exception.CHttpException.404] exception 'CHttpException' with message 'The system is unable to find the requested action "1".' in C:\wamp\www\git_local\framework\web\CController.php:483
Stack trace:
#0 C:\wamp\www\git_local\framework\web\CController.php(270): CController->missingAction('1')
#1 C:\wamp\www\git_local\framework\web\CWebApplication.php(282): CController->run('1')
#2 C:\wamp\www\git_local\framework\web\CWebApplication.php(141): CWebApplication->runController('product/1')
#3 C:\wamp\www\git_local\framework\base\CApplication.php(169): CWebApplication->processRequest()
#4 C:\wamp\www\git_local\yii_kg\index.php(23): CApplication->run()
#5 {main}
REQUEST_URI=/git_local/yii_kg/product/1
---
2013/02/19 16:24:12 [error] [exception.CHttpException.404] exception 'CHttpException' with message 'The system is unable to find the requested action "3".' in C:\wamp\www\git_local\framework\web\CController.php:483
Stack trace:
#0 C:\wamp\www\git_local\framework\web\CController.php(270): CController->missingAction('3')
#1 C:\wamp\www\git_local\framework\web\CWebApplication.php(282): CController->run('3')
#2 C:\wamp\www\git_local\framework\web\CWebApplication.php(141): CWebApplication->runController('product/3')
#3 C:\wamp\www\git_local\framework\base\CApplication.php(169): CWebApplication->processRequest()
#4 C:\wamp\www\git_local\yii_kg\index.php(23): CApplication->run()
#5 {main}
REQUEST_URI=/git_local/yii_kg/product/3
---
2013/02/19 16:24:30 [error] [exception.CHttpException.400] exception 'CHttpException' with message 'Your request is invalid.' in C:\wamp\www\git_local\framework\web\CController.php:336
Stack trace:
#0 C:\wamp\www\git_local\framework\web\CController.php(309): CController->invalidActionParams(Object(CInlineAction))
#1 C:\wamp\www\git_local\framework\web\CController.php(286): CController->runAction(Object(CInlineAction))
#2 C:\wamp\www\git_local\framework\web\CController.php(265): CController->runActionWithFilters(Object(CInlineAction), Array)
#3 C:\wamp\www\git_local\framework\web\CWebApplication.php(282): CController->run('index')
#4 C:\wamp\www\git_local\framework\web\CWebApplication.php(141): CWebApplication->runController('catalog/index')
#5 C:\wamp\www\git_local\framework\base\CApplication.php(169): CWebApplication->processRequest()
#6 C:\wamp\www\git_local\yii_kg\index.php(23): CApplication->run()
#7 {main}
REQUEST_URI=/git_local/yii_kg/catalog/index
---
2013/02/19 16:24:39 [error] [exception.CHttpException.400] exception 'CHttpException' with message 'Your request is invalid.' in C:\wamp\www\git_local\framework\web\CController.php:336
Stack trace:
#0 C:\wamp\www\git_local\framework\web\CController.php(309): CController->invalidActionParams(Object(CInlineAction))
#1 C:\wamp\www\git_local\framework\web\CController.php(286): CController->runAction(Object(CInlineAction))
#2 C:\wamp\www\git_local\framework\web\CController.php(265): CController->runActionWithFilters(Object(CInlineAction), Array)
#3 C:\wamp\www\git_local\framework\web\CWebApplication.php(282): CController->run('index')
#4 C:\wamp\www\git_local\framework\web\CWebApplication.php(141): CWebApplication->runController('catalog/index')
#5 C:\wamp\www\git_local\framework\base\CApplication.php(169): CWebApplication->processRequest()
#6 C:\wamp\www\git_local\yii_kg\index.php(23): CApplication->run()
#7 {main}
REQUEST_URI=/git_local/yii_kg/catalog/index
HTTP_REFERER=http://localhost/git_local/yii_kg/site/index
---
2013/02/19 16:24:39 [error] [exception.CHttpException.404] exception 'CHttpException' with message 'The requested view "index" was not found.' in C:\wamp\www\git_local\framework\web\actions\CViewAction.php:112
Stack trace:
#0 C:\wamp\www\git_local\framework\web\actions\CViewAction.php(123): CViewAction->resolveView('index')
#1 C:\wamp\www\git_local\framework\web\actions\CAction.php(76): CViewAction->run()
#2 C:\wamp\www\git_local\framework\web\CController.php(308): CAction->runWithParams(Array)
#3 C:\wamp\www\git_local\framework\web\CController.php(286): CController->runAction(Object(CViewAction))
#4 C:\wamp\www\git_local\framework\web\CController.php(265): CController->runActionWithFilters(Object(CViewAction), Array)
#5 C:\wamp\www\git_local\framework\web\CWebApplication.php(282): CController->run('page')
#6 C:\wamp\www\git_local\framework\web\CWebApplication.php(141): CWebApplication->runController('site/page/id/sh...')
#7 C:\wamp\www\git_local\framework\base\CApplication.php(169): CWebApplication->processRequest()
#8 C:\wamp\www\git_local\yii_kg\index.php(23): CApplication->run()
#9 {main}
REQUEST_URI=/git_local/yii_kg/site/page/id/shipping
HTTP_REFERER=http://localhost/git_local/yii_kg/catalog/index
---
2013/02/19 16:24:40 [error] [exception.CHttpException.400] exception 'CHttpException' with message 'Your request is invalid.' in C:\wamp\www\git_local\framework\web\CController.php:336
Stack trace:
#0 C:\wamp\www\git_local\framework\web\CController.php(309): CController->invalidActionParams(Object(CInlineAction))
#1 C:\wamp\www\git_local\framework\web\CController.php(286): CController->runAction(Object(CInlineAction))
#2 C:\wamp\www\git_local\framework\web\CController.php(265): CController->runActionWithFilters(Object(CInlineAction), Array)
#3 C:\wamp\www\git_local\framework\web\CWebApplication.php(282): CController->run('index')
#4 C:\wamp\www\git_local\framework\web\CWebApplication.php(141): CWebApplication->runController('catalog/index')
#5 C:\wamp\www\git_local\framework\base\CApplication.php(169): CWebApplication->processRequest()
#6 C:\wamp\www\git_local\yii_kg\index.php(23): CApplication->run()
#7 {main}
REQUEST_URI=/git_local/yii_kg/catalog/index
HTTP_REFERER=http://localhost/git_local/yii_kg/site/page/id/shipping
---
2013/02/19 16:25:05 [error] [exception.CHttpException.404] exception 'CHttpException' with message 'Unable to resolve the request "controller".' in C:\wamp\www\git_local\framework\web\CWebApplication.php:286
Stack trace:
#0 C:\wamp\www\git_local\framework\web\CWebApplication.php(141): CWebApplication->runController('controller')
#1 C:\wamp\www\git_local\framework\base\CApplication.php(169): CWebApplication->processRequest()
#2 C:\wamp\www\git_local\yii_kg\index.php(23): CApplication->run()
#3 {main}
REQUEST_URI=/git_local/yii_kg/controller
---
2013/02/19 16:25:09 [error] [exception.CHttpException.400] exception 'CHttpException' with message 'Your request is invalid.' in C:\wamp\www\git_local\framework\web\CController.php:336
Stack trace:
#0 C:\wamp\www\git_local\framework\web\CController.php(309): CController->invalidActionParams(Object(CInlineAction))
#1 C:\wamp\www\git_local\framework\web\CController.php(286): CController->runAction(Object(CInlineAction))
#2 C:\wamp\www\git_local\framework\web\CController.php(265): CController->runActionWithFilters(Object(CInlineAction), Array)
#3 C:\wamp\www\git_local\framework\web\CWebApplication.php(282): CController->run('')
#4 C:\wamp\www\git_local\framework\web\CWebApplication.php(141): CWebApplication->runController('catalog')
#5 C:\wamp\www\git_local\framework\base\CApplication.php(169): CWebApplication->processRequest()
#6 C:\wamp\www\git_local\yii_kg\index.php(23): CApplication->run()
#7 {main}
REQUEST_URI=/git_local/yii_kg/catalog
---
2013/02/19 16:25:14 [error] [exception.CHttpException.404] exception 'CHttpException' with message 'Unable to resolve the request "controller".' in C:\wamp\www\git_local\framework\web\CWebApplication.php:286
Stack trace:
#0 C:\wamp\www\git_local\framework\web\CWebApplication.php(141): CWebApplication->runController('controller')
#1 C:\wamp\www\git_local\framework\base\CApplication.php(169): CWebApplication->processRequest()
#2 C:\wamp\www\git_local\yii_kg\index.php(23): CApplication->run()
#3 {main}
REQUEST_URI=/git_local/yii_kg/controller
---
2013/02/19 16:27:32 [error] [exception.CHttpException.400] exception 'CHttpException' with message 'Your request is invalid.' in C:\wamp\www\git_local\framework\web\CController.php:336
Stack trace:
#0 C:\wamp\www\git_local\framework\web\CController.php(309): CController->invalidActionParams(Object(CInlineAction))
#1 C:\wamp\www\git_local\framework\web\CController.php(286): CController->runAction(Object(CInlineAction))
#2 C:\wamp\www\git_local\framework\web\CController.php(265): CController->runActionWithFilters(Object(CInlineAction), Array)
#3 C:\wamp\www\git_local\framework\web\CWebApplication.php(282): CController->run('')
#4 C:\wamp\www\git_local\framework\web\CWebApplication.php(141): CWebApplication->runController('catalog')
#5 C:\wamp\www\git_local\framework\base\CApplication.php(169): CWebApplication->processRequest()
#6 C:\wamp\www\git_local\yii_kg\index.php(23): CApplication->run()
#7 {main}
REQUEST_URI=/git_local/yii_kg/catalog
---
2013/02/19 16:27:45 [error] [exception.CHttpException.400] exception 'CHttpException' with message 'Your request is invalid.' in C:\wamp\www\git_local\framework\web\CController.php:336
Stack trace:
#0 C:\wamp\www\git_local\framework\web\CController.php(309): CController->invalidActionParams(Object(CInlineAction))
#1 C:\wamp\www\git_local\framework\web\CController.php(286): CController->runAction(Object(CInlineAction))
#2 C:\wamp\www\git_local\framework\web\CController.php(265): CController->runActionWithFilters(Object(CInlineAction), Array)
#3 C:\wamp\www\git_local\framework\web\CWebApplication.php(282): CController->run('')
#4 C:\wamp\www\git_local\framework\web\CWebApplication.php(141): CWebApplication->runController('catalog')
#5 C:\wamp\www\git_local\framework\base\CApplication.php(169): CWebApplication->processRequest()
#6 C:\wamp\www\git_local\yii_kg\index.php(23): CApplication->run()
#7 {main}
REQUEST_URI=/git_local/yii_kg/catalog
---
2013/02/19 16:27:45 [error] [exception.CHttpException.400] exception 'CHttpException' with message 'Your request is invalid.' in C:\wamp\www\git_local\framework\web\CController.php:336
Stack trace:
#0 C:\wamp\www\git_local\framework\web\CController.php(309): CController->invalidActionParams(Object(CInlineAction))
#1 C:\wamp\www\git_local\framework\web\CController.php(286): CController->runAction(Object(CInlineAction))
#2 C:\wamp\www\git_local\framework\web\CController.php(265): CController->runActionWithFilters(Object(CInlineAction), Array)
#3 C:\wamp\www\git_local\framework\web\CWebApplication.php(282): CController->run('')
#4 C:\wamp\www\git_local\framework\web\CWebApplication.php(141): CWebApplication->runController('catalog')
#5 C:\wamp\www\git_local\framework\base\CApplication.php(169): CWebApplication->processRequest()
#6 C:\wamp\www\git_local\yii_kg\index.php(23): CApplication->run()
#7 {main}
REQUEST_URI=/git_local/yii_kg/catalog
---
2013/02/19 16:27:46 [error] [exception.CHttpException.400] exception 'CHttpException' with message 'Your request is invalid.' in C:\wamp\www\git_local\framework\web\CController.php:336
Stack trace:
#0 C:\wamp\www\git_local\framework\web\CController.php(309): CController->invalidActionParams(Object(CInlineAction))
#1 C:\wamp\www\git_local\framework\web\CController.php(286): CController->runAction(Object(CInlineAction))
#2 C:\wamp\www\git_local\framework\web\CController.php(265): CController->runActionWithFilters(Object(CInlineAction), Array)
#3 C:\wamp\www\git_local\framework\web\CWebApplication.php(282): CController->run('')
#4 C:\wamp\www\git_local\framework\web\CWebApplication.php(141): CWebApplication->runController('catalog')
#5 C:\wamp\www\git_local\framework\base\CApplication.php(169): CWebApplication->processRequest()
#6 C:\wamp\www\git_local\yii_kg\index.php(23): CApplication->run()
#7 {main}
REQUEST_URI=/git_local/yii_kg/catalog
---
2013/02/19 16:27:46 [error] [exception.CHttpException.400] exception 'CHttpException' with message 'Your request is invalid.' in C:\wamp\www\git_local\framework\web\CController.php:336
Stack trace:
#0 C:\wamp\www\git_local\framework\web\CController.php(309): CController->invalidActionParams(Object(CInlineAction))
#1 C:\wamp\www\git_local\framework\web\CController.php(286): CController->runAction(Object(CInlineAction))
#2 C:\wamp\www\git_local\framework\web\CController.php(265): CController->runActionWithFilters(Object(CInlineAction), Array)
#3 C:\wamp\www\git_local\framework\web\CWebApplication.php(282): CController->run('')
#4 C:\wamp\www\git_local\framework\web\CWebApplication.php(141): CWebApplication->runController('catalog')
#5 C:\wamp\www\git_local\framework\base\CApplication.php(169): CWebApplication->processRequest()
#6 C:\wamp\www\git_local\yii_kg\index.php(23): CApplication->run()
#7 {main}
REQUEST_URI=/git_local/yii_kg/catalog
---
2013/02/19 16:27:46 [error] [exception.CHttpException.400] exception 'CHttpException' with message 'Your request is invalid.' in C:\wamp\www\git_local\framework\web\CController.php:336
Stack trace:
#0 C:\wamp\www\git_local\framework\web\CController.php(309): CController->invalidActionParams(Object(CInlineAction))
#1 C:\wamp\www\git_local\framework\web\CController.php(286): CController->runAction(Object(CInlineAction))
#2 C:\wamp\www\git_local\framework\web\CController.php(265): CController->runActionWithFilters(Object(CInlineAction), Array)
#3 C:\wamp\www\git_local\framework\web\CWebApplication.php(282): CController->run('')
#4 C:\wamp\www\git_local\framework\web\CWebApplication.php(141): CWebApplication->runController('catalog')
#5 C:\wamp\www\git_local\framework\base\CApplication.php(169): CWebApplication->processRequest()
#6 C:\wamp\www\git_local\yii_kg\index.php(23): CApplication->run()
#7 {main}
REQUEST_URI=/git_local/yii_kg/catalog
---
2013/02/19 16:28:29 [error] [php] Use of undefined constant title - assumed 'title' (C:\wamp\www\git_local\yii_kg\protected\views\catalog\index.php:16)
Stack trace:
#0 C:\wamp\www\git_local\framework\web\CController.php(869): CatalogController->renderFile()
#1 C:\wamp\www\git_local\framework\web\CController.php(782): CatalogController->renderPartial()
#2 C:\wamp\www\git_local\yii_kg\protected\controllers\CatalogController.php(7): CatalogController->render()
#3 unknown(0): CatalogController->actionIndex()
#4 C:\wamp\www\git_local\framework\web\actions\CAction.php(108): ReflectionMethod->invokeArgs()
#5 C:\wamp\www\git_local\framework\web\actions\CInlineAction.php(47): CInlineAction->runWithParamsInternal()
#6 C:\wamp\www\git_local\framework\web\CController.php(308): CInlineAction->runWithParams()
#7 C:\wamp\www\git_local\framework\web\CController.php(286): CatalogController->runAction()
#8 C:\wamp\www\git_local\framework\web\CController.php(265): CatalogController->runActionWithFilters()
#9 C:\wamp\www\git_local\framework\web\CWebApplication.php(282): CatalogController->run()
#10 C:\wamp\www\git_local\framework\web\CWebApplication.php(141): CWebApplication->runController()
#11 C:\wamp\www\git_local\framework\base\CApplication.php(169): CWebApplication->processRequest()
#12 C:\wamp\www\git_local\yii_kg\index.php(23): CWebApplication->run()
REQUEST_URI=/git_local/yii_kg/catalog
2013/02/19 16:28:44 [error] [php] Use of undefined constant title - assumed 'title' (C:\wamp\www\git_local\yii_kg\protected\views\catalog\index.php:16)
Stack trace:
#0 C:\wamp\www\git_local\framework\web\CController.php(869): CatalogController->renderFile()
#1 C:\wamp\www\git_local\framework\web\CController.php(782): CatalogController->renderPartial()
#2 C:\wamp\www\git_local\yii_kg\protected\controllers\CatalogController.php(8): CatalogController->render()
#3 unknown(0): CatalogController->actionIndex()
#4 C:\wamp\www\git_local\framework\web\actions\CAction.php(108): ReflectionMethod->invokeArgs()
#5 C:\wamp\www\git_local\framework\web\actions\CInlineAction.php(47): CInlineAction->runWithParamsInternal()
#6 C:\wamp\www\git_local\framework\web\CController.php(308): CInlineAction->runWithParams()
#7 C:\wamp\www\git_local\framework\web\CController.php(286): CatalogController->runAction()
#8 C:\wamp\www\git_local\framework\web\CController.php(265): CatalogController->runActionWithFilters()
#9 C:\wamp\www\git_local\framework\web\CWebApplication.php(282): CatalogController->run()
#10 C:\wamp\www\git_local\framework\web\CWebApplication.php(141): CWebApplication->runController()
#11 C:\wamp\www\git_local\framework\base\CApplication.php(169): CWebApplication->processRequest()
#12 C:\wamp\www\git_local\yii_kg\index.php(23): CWebApplication->run()
REQUEST_URI=/git_local/yii_kg/catalog
2013/02/19 16:28:58 [error] [php] Use of undefined constant title - assumed 'title' (C:\wamp\www\git_local\yii_kg\protected\views\catalog\index.php:16)
Stack trace:
#0 C:\wamp\www\git_local\framework\web\CController.php(869): CatalogController->renderFile()
#1 C:\wamp\www\git_local\framework\web\CController.php(782): CatalogController->renderPartial()
#2 C:\wamp\www\git_local\yii_kg\protected\controllers\CatalogController.php(8): CatalogController->render()
#3 unknown(0): CatalogController->actionIndex()
#4 C:\wamp\www\git_local\framework\web\actions\CAction.php(108): ReflectionMethod->invokeArgs()
#5 C:\wamp\www\git_local\framework\web\actions\CInlineAction.php(47): CInlineAction->runWithParamsInternal()
#6 C:\wamp\www\git_local\framework\web\CController.php(308): CInlineAction->runWithParams()
#7 C:\wamp\www\git_local\framework\web\CController.php(286): CatalogController->runAction()
#8 C:\wamp\www\git_local\framework\web\CController.php(265): CatalogController->runActionWithFilters()
#9 C:\wamp\www\git_local\framework\web\CWebApplication.php(282): CatalogController->run()
#10 C:\wamp\www\git_local\framework\web\CWebApplication.php(141): CWebApplication->runController()
#11 C:\wamp\www\git_local\framework\base\CApplication.php(169): CWebApplication->processRequest()
#12 C:\wamp\www\git_local\yii_kg\index.php(23): CWebApplication->run()
REQUEST_URI=/git_local/yii_kg/catalog/index
2013/02/19 16:29:29 [error] [php] Use of undefined constant title - assumed 'title' (C:\wamp\www\git_local\yii_kg\protected\views\catalog\index.php:16)
Stack trace:
#0 C:\wamp\www\git_local\framework\web\CController.php(869): CatalogController->renderFile()
#1 C:\wamp\www\git_local\framework\web\CController.php(782): CatalogController->renderPartial()
#2 C:\wamp\www\git_local\yii_kg\protected\controllers\CatalogController.php(8): CatalogController->render()
#3 unknown(0): CatalogController->actionIndex()
#4 C:\wamp\www\git_local\framework\web\actions\CAction.php(108): ReflectionMethod->invokeArgs()
#5 C:\wamp\www\git_local\framework\web\actions\CInlineAction.php(47): CInlineAction->runWithParamsInternal()
#6 C:\wamp\www\git_local\framework\web\CController.php(308): CInlineAction->runWithParams()
#7 C:\wamp\www\git_local\framework\web\CController.php(286): CatalogController->runAction()
#8 C:\wamp\www\git_local\framework\web\CController.php(265): CatalogController->runActionWithFilters()
#9 C:\wamp\www\git_local\framework\web\CWebApplication.php(282): CatalogController->run()
#10 C:\wamp\www\git_local\framework\web\CWebApplication.php(141): CWebApplication->runController()
#11 C:\wamp\www\git_local\framework\base\CApplication.php(169): CWebApplication->processRequest()
#12 C:\wamp\www\git_local\yii_kg\index.php(23): CWebApplication->run()
REQUEST_URI=/git_local/yii_kg/catalog/index
2013/02/19 16:30:24 [error] [php] Use of undefined constant title - assumed 'title' (C:\wamp\www\git_local\yii_kg\protected\views\catalog\_category.php:6)
Stack trace:
#0 C:\wamp\www\git_local\framework\web\CController.php(869): CatalogController->renderFile()
#1 C:\wamp\www\git_local\yii_kg\protected\views\catalog\index.php(5): CatalogController->renderPartial()
#2 C:\wamp\www\git_local\framework\web\CBaseController.php(126): require()
#3 C:\wamp\www\git_local\framework\web\CBaseController.php(95): CatalogController->renderInternal()
#4 C:\wamp\www\git_local\framework\web\CController.php(869): CatalogController->renderFile()
#5 C:\wamp\www\git_local\framework\web\CController.php(782): CatalogController->renderPartial()
#6 C:\wamp\www\git_local\yii_kg\protected\controllers\CatalogController.php(8): CatalogController->render()
#7 unknown(0): CatalogController->actionIndex()
#8 C:\wamp\www\git_local\framework\web\actions\CAction.php(108): ReflectionMethod->invokeArgs()
#9 C:\wamp\www\git_local\framework\web\actions\CInlineAction.php(47): CInlineAction->runWithParamsInternal()
#10 C:\wamp\www\git_local\framework\web\CController.php(308): CInlineAction->runWithParams()
#11 C:\wamp\www\git_local\framework\web\CController.php(286): CatalogController->runAction()
#12 C:\wamp\www\git_local\framework\web\CController.php(265): CatalogController->runActionWithFilters()
#13 C:\wamp\www\git_local\framework\web\CWebApplication.php(282): CatalogController->run()
#14 C:\wamp\www\git_local\framework\web\CWebApplication.php(141): CWebApplication->runController()
#15 C:\wamp\www\git_local\framework\base\CApplication.php(169): CWebApplication->processRequest()
#16 C:\wamp\www\git_local\yii_kg\index.php(23): CWebApplication->run()
REQUEST_URI=/git_local/yii_kg/catalog/index
2013/03/20 14:31:36 [error] [exception.CHttpException.404] exception 'CHttpException' with message 'The requested view "index" was not found.' in C:\wamp\www\git_local\framework\web\actions\CViewAction.php:112
Stack trace:
#0 C:\wamp\www\git_local\framework\web\actions\CViewAction.php(123): CViewAction->resolveView('index')
#1 C:\wamp\www\git_local\framework\web\actions\CAction.php(76): CViewAction->run()
#2 C:\wamp\www\git_local\framework\web\CController.php(308): CAction->runWithParams(Array)
#3 C:\wamp\www\git_local\framework\web\CController.php(286): CController->runAction(Object(CViewAction))
#4 C:\wamp\www\git_local\framework\web\CController.php(265): CController->runActionWithFilters(Object(CViewAction), Array)
#5 C:\wamp\www\git_local\framework\web\CWebApplication.php(282): CController->run('page')
#6 C:\wamp\www\git_local\framework\web\CWebApplication.php(141): CWebApplication->runController('site/page/id/sh...')
#7 C:\wamp\www\git_local\framework\base\CApplication.php(169): CWebApplication->processRequest()
#8 C:\wamp\www\git_local\yii_kg\index.php(23): CApplication->run()
#9 {main}
REQUEST_URI=/git_local/yii_kg/site/page/id/shipping
HTTP_REFERER=http://localhost/git_local/yii_kg/catalog/index
---
2013/03/20 16:19:18 [error] [exception.CHttpException.404] exception 'CHttpException' with message 'Unable to resolve the request "admin".' in C:\wamp\www\git_local\framework\web\CWebApplication.php:286
Stack trace:
#0 C:\wamp\www\git_local\framework\web\CWebApplication.php(141): CWebApplication->runController('admin')
#1 C:\wamp\www\git_local\framework\base\CApplication.php(169): CWebApplication->processRequest()
#2 C:\wamp\www\git_local\yii_kg\index.php(23): CApplication->run()
#3 {main}
REQUEST_URI=/git_local/yii_kg/admin
---
2013/03/20 16:23:46 [error] [exception.CHttpException.404] exception 'CHttpException' with message 'Unable to resolve the request "admin/settings".' in C:\wamp\www\git_local\framework\web\CWebApplication.php:286
Stack trace:
#0 C:\wamp\www\git_local\framework\web\CWebApplication.php(141): CWebApplication->runController('admin/settings')
#1 C:\wamp\www\git_local\framework\base\CApplication.php(169): CWebApplication->processRequest()
#2 C:\wamp\www\git_local\yii_kg\index.php(23): CApplication->run()
#3 {main}
REQUEST_URI=/git_local/yii_kg/admin/settings
HTTP_REFERER=http://localhost/git_local/yii_kg/admin
---
2013/03/20 16:24:52 [error] [exception.CException] exception 'CException' with message 'Property "Category.title" is not defined.' in C:\wamp\www\git_local\framework\base\CComponent.php:130
Stack trace:
#0 C:\wamp\www\git_local\framework\db\ar\CActiveRecord.php(143): CComponent->__get('title')
#1 C:\wamp\www\git_local\yii_kg\protected\views\catalog\_category.php(1): CActiveRecord->__get('title')
#2 C:\wamp\www\git_local\framework\web\CBaseController.php(126): require('C:\wamp\www\git...')
#3 C:\wamp\www\git_local\framework\web\CBaseController.php(95): CBaseController->renderInternal('C:\wamp\www\git...', Array, true)
#4 C:\wamp\www\git_local\framework\web\CController.php(869): CBaseController->renderFile('C:\wamp\www\git...', Array, true)
#5 C:\wamp\www\git_local\yii_kg\protected\views\catalog\index.php(5): CController->renderPartial('_category', Array)
#6 C:\wamp\www\git_local\framework\web\CBaseController.php(126): require('C:\wamp\www\git...')
#7 C:\wamp\www\git_local\framework\web\CBaseController.php(95): CBaseController->renderInternal('C:\wamp\www\git...', Array, true)
#8 C:\wamp\www\git_local\framework\web\CController.php(869): CBaseController->renderFile('C:\wamp\www\git...', Array, true)
#9 C:\wamp\www\git_local\framework\web\CController.php(782): CController->renderPartial('index', Array, true)
#10 C:\wamp\www\git_local\yii_kg\protected\controllers\CatalogController.php(8): CController->render('index', Array)
#11 [internal function]: CatalogController->actionIndex(NULL)
#12 C:\wamp\www\git_local\framework\web\actions\CAction.php(108): ReflectionMethod->invokeArgs(Object(CatalogController), Array)
#13 C:\wamp\www\git_local\framework\web\actions\CInlineAction.php(47): CAction->runWithParamsInternal(Object(CatalogController), Object(ReflectionMethod), Array)
#14 C:\wamp\www\git_local\framework\web\CController.php(308): CInlineAction->runWithParams(Array)
#15 C:\wamp\www\git_local\framework\web\CController.php(286): CController->runAction(Object(CInlineAction))
#16 C:\wamp\www\git_local\framework\web\CController.php(265): CController->runActionWithFilters(Object(CInlineAction), Array)
#17 C:\wamp\www\git_local\framework\web\CWebApplication.php(282): CController->run('index')
#18 C:\wamp\www\git_local\framework\web\CWebApplication.php(141): CWebApplication->runController('catalog/index')
#19 C:\wamp\www\git_local\framework\base\CApplication.php(169): CWebApplication->processRequest()
#20 C:\wamp\www\git_local\yii_kg\index.php(23): CApplication->run()
#21 {main}
REQUEST_URI=/git_local/yii_kg/catalog/index
HTTP_REFERER=http://localhost/git_local/yii_kg/site/index
---
2013/03/20 16:25:20 [error] [exception.CException] exception 'CException' with message 'Property "Category.title" is not defined.' in C:\wamp\www\git_local\framework\base\CComponent.php:130
Stack trace:
#0 C:\wamp\www\git_local\framework\db\ar\CActiveRecord.php(143): CComponent->__get('title')
#1 C:\wamp\www\git_local\yii_kg\protected\views\catalog\_category.php(1): CActiveRecord->__get('title')
#2 C:\wamp\www\git_local\framework\web\CBaseController.php(126): require('C:\wamp\www\git...')
#3 C:\wamp\www\git_local\framework\web\CBaseController.php(95): CBaseController->renderInternal('C:\wamp\www\git...', Array, true)
#4 C:\wamp\www\git_local\framework\web\CController.php(869): CBaseController->renderFile('C:\wamp\www\git...', Array, true)
#5 C:\wamp\www\git_local\yii_kg\protected\views\catalog\index.php(5): CController->renderPartial('_category', Array)
#6 C:\wamp\www\git_local\framework\web\CBaseController.php(126): require('C:\wamp\www\git...')
#7 C:\wamp\www\git_local\framework\web\CBaseController.php(95): CBaseController->renderInternal('C:\wamp\www\git...', Array, true)
#8 C:\wamp\www\git_local\framework\web\CController.php(869): CBaseController->renderFile('C:\wamp\www\git...', Array, true)
#9 C:\wamp\www\git_local\framework\web\CController.php(782): CController->renderPartial('index', Array, true)
#10 C:\wamp\www\git_local\yii_kg\protected\controllers\CatalogController.php(8): CController->render('index', Array)
#11 [internal function]: CatalogController->actionIndex(NULL)
#12 C:\wamp\www\git_local\framework\web\actions\CAction.php(108): ReflectionMethod->invokeArgs(Object(CatalogController), Array)
#13 C:\wamp\www\git_local\framework\web\actions\CInlineAction.php(47): CAction->runWithParamsInternal(Object(CatalogController), Object(ReflectionMethod), Array)
#14 C:\wamp\www\git_local\framework\web\CController.php(308): CInlineAction->runWithParams(Array)
#15 C:\wamp\www\git_local\framework\web\CController.php(286): CController->runAction(Object(CInlineAction))
#16 C:\wamp\www\git_local\framework\web\CController.php(265): CController->runActionWithFilters(Object(CInlineAction), Array)
#17 C:\wamp\www\git_local\framework\web\CWebApplication.php(282): CController->run('index')
#18 C:\wamp\www\git_local\framework\web\CWebApplication.php(141): CWebApplication->runController('catalog/index')
#19 C:\wamp\www\git_local\framework\base\CApplication.php(169): CWebApplication->processRequest()
#20 C:\wamp\www\git_local\yii_kg\index.php(23): CApplication->run()
#21 {main}
REQUEST_URI=/git_local/yii_kg/catalog/index
HTTP_REFERER=http://localhost/git_local/yii_kg/site/index
---
2013/03/20 16:25:21 [error] [exception.CException] exception 'CException' with message 'Property "Category.title" is not defined.' in C:\wamp\www\git_local\framework\base\CComponent.php:130
Stack trace:
#0 C:\wamp\www\git_local\framework\db\ar\CActiveRecord.php(143): CComponent->__get('title')
#1 C:\wamp\www\git_local\yii_kg\protected\views\catalog\_category.php(1): CActiveRecord->__get('title')
#2 C:\wamp\www\git_local\framework\web\CBaseController.php(126): require('C:\wamp\www\git...')
#3 C:\wamp\www\git_local\framework\web\CBaseController.php(95): CBaseController->renderInternal('C:\wamp\www\git...', Array, true)
#4 C:\wamp\www\git_local\framework\web\CController.php(869): CBaseController->renderFile('C:\wamp\www\git...', Array, true)
#5 C:\wamp\www\git_local\yii_kg\protected\views\catalog\index.php(5): CController->renderPartial('_category', Array)
#6 C:\wamp\www\git_local\framework\web\CBaseController.php(126): require('C:\wamp\www\git...')
#7 C:\wamp\www\git_local\framework\web\CBaseController.php(95): CBaseController->renderInternal('C:\wamp\www\git...', Array, true)
#8 C:\wamp\www\git_local\framework\web\CController.php(869): CBaseController->renderFile('C:\wamp\www\git...', Array, true)
#9 C:\wamp\www\git_local\framework\web\CController.php(782): CController->renderPartial('index', Array, true)
#10 C:\wamp\www\git_local\yii_kg\protected\controllers\CatalogController.php(8): CController->render('index', Array)
#11 [internal function]: CatalogController->actionIndex(NULL)
#12 C:\wamp\www\git_local\framework\web\actions\CAction.php(108): ReflectionMethod->invokeArgs(Object(CatalogController), Array)
#13 C:\wamp\www\git_local\framework\web\actions\CInlineAction.php(47): CAction->runWithParamsInternal(Object(CatalogController), Object(ReflectionMethod), Array)
#14 C:\wamp\www\git_local\framework\web\CController.php(308): CInlineAction->runWithParams(Array)
#15 C:\wamp\www\git_local\framework\web\CController.php(286): CController->runAction(Object(CInlineAction))
#16 C:\wamp\www\git_local\framework\web\CController.php(265): CController->runActionWithFilters(Object(CInlineAction), Array)
#17 C:\wamp\www\git_local\framework\web\CWebApplication.php(282): CController->run('index')
#18 C:\wamp\www\git_local\framework\web\CWebApplication.php(141): CWebApplication->runController('catalog/index')
#19 C:\wamp\www\git_local\framework\base\CApplication.php(169): CWebApplication->processRequest()
#20 C:\wamp\www\git_local\yii_kg\index.php(23): CApplication->run()
#21 {main}
REQUEST_URI=/git_local/yii_kg/catalog/index
HTTP_REFERER=http://localhost/git_local/yii_kg/site/index
---
2013/03/20 16:25:22 [error] [exception.CException] exception 'CException' with message 'Property "Category.title" is not defined.' in C:\wamp\www\git_local\framework\base\CComponent.php:130
Stack trace:
#0 C:\wamp\www\git_local\framework\db\ar\CActiveRecord.php(143): CComponent->__get('title')
#1 C:\wamp\www\git_local\yii_kg\protected\views\catalog\_category.php(1): CActiveRecord->__get('title')
#2 C:\wamp\www\git_local\framework\web\CBaseController.php(126): require('C:\wamp\www\git...')
#3 C:\wamp\www\git_local\framework\web\CBaseController.php(95): CBaseController->renderInternal('C:\wamp\www\git...', Array, true)
#4 C:\wamp\www\git_local\framework\web\CController.php(869): CBaseController->renderFile('C:\wamp\www\git...', Array, true)
#5 C:\wamp\www\git_local\yii_kg\protected\views\catalog\index.php(5): CController->renderPartial('_category', Array)
#6 C:\wamp\www\git_local\framework\web\CBaseController.php(126): require('C:\wamp\www\git...')
#7 C:\wamp\www\git_local\framework\web\CBaseController.php(95): CBaseController->renderInternal('C:\wamp\www\git...', Array, true)
#8 C:\wamp\www\git_local\framework\web\CController.php(869): CBaseController->renderFile('C:\wamp\www\git...', Array, true)
#9 C:\wamp\www\git_local\framework\web\CController.php(782): CController->renderPartial('index', Array, true)
#10 C:\wamp\www\git_local\yii_kg\protected\controllers\CatalogController.php(8): CController->render('index', Array)
#11 [internal function]: CatalogController->actionIndex(NULL)
#12 C:\wamp\www\git_local\framework\web\actions\CAction.php(108): ReflectionMethod->invokeArgs(Object(CatalogController), Array)
#13 C:\wamp\www\git_local\framework\web\actions\CInlineAction.php(47): CAction->runWithParamsInternal(Object(CatalogController), Object(ReflectionMethod), Array)
#14 C:\wamp\www\git_local\framework\web\CController.php(308): CInlineAction->runWithParams(Array)
#15 C:\wamp\www\git_local\framework\web\CController.php(286): CController->runAction(Object(CInlineAction))
#16 C:\wamp\www\git_local\framework\web\CController.php(265): CController->runActionWithFilters(Object(CInlineAction), Array)
#17 C:\wamp\www\git_local\framework\web\CWebApplication.php(282): CController->run('index')
#18 C:\wamp\www\git_local\framework\web\CWebApplication.php(141): CWebApplication->runController('catalog/index')
#19 C:\wamp\www\git_local\framework\base\CApplication.php(169): CWebApplication->processRequest()
#20 C:\wamp\www\git_local\yii_kg\index.php(23): CApplication->run()
#21 {main}
REQUEST_URI=/git_local/yii_kg/catalog/index
HTTP_REFERER=http://localhost/git_local/yii_kg/site/index
---
2013/03/20 16:25:30 [error] [exception.CException] exception 'CException' with message 'Property "Category.title" is not defined.' in C:\wamp\www\git_local\framework\base\CComponent.php:130
Stack trace:
#0 C:\wamp\www\git_local\framework\db\ar\CActiveRecord.php(143): CComponent->__get('title')
#1 C:\wamp\www\git_local\yii_kg\protected\views\catalog\_category.php(1): CActiveRecord->__get('title')
#2 C:\wamp\www\git_local\framework\web\CBaseController.php(126): require('C:\wamp\www\git...')
#3 C:\wamp\www\git_local\framework\web\CBaseController.php(95): CBaseController->renderInternal('C:\wamp\www\git...', Array, true)
#4 C:\wamp\www\git_local\framework\web\CController.php(869): CBaseController->renderFile('C:\wamp\www\git...', Array, true)
#5 C:\wamp\www\git_local\yii_kg\protected\views\catalog\index.php(5): CController->renderPartial('_category', Array)
#6 C:\wamp\www\git_local\framework\web\CBaseController.php(126): require('C:\wamp\www\git...')
#7 C:\wamp\www\git_local\framework\web\CBaseController.php(95): CBaseController->renderInternal('C:\wamp\www\git...', Array, true)
#8 C:\wamp\www\git_local\framework\web\CController.php(869): CBaseController->renderFile('C:\wamp\www\git...', Array, true)
#9 C:\wamp\www\git_local\framework\web\CController.php(782): CController->renderPartial('index', Array, true)
#10 C:\wamp\www\git_local\yii_kg\protected\controllers\CatalogController.php(8): CController->render('index', Array)
#11 [internal function]: CatalogController->actionIndex(NULL)
#12 C:\wamp\www\git_local\framework\web\actions\CAction.php(108): ReflectionMethod->invokeArgs(Object(CatalogController), Array)
#13 C:\wamp\www\git_local\framework\web\actions\CInlineAction.php(47): CAction->runWithParamsInternal(Object(CatalogController), Object(ReflectionMethod), Array)
#14 C:\wamp\www\git_local\framework\web\CController.php(308): CInlineAction->runWithParams(Array)
#15 C:\wamp\www\git_local\framework\web\CController.php(286): CController->runAction(Object(CInlineAction))
#16 C:\wamp\www\git_local\framework\web\CController.php(265): CController->runActionWithFilters(Object(CInlineAction), Array)
#17 C:\wamp\www\git_local\framework\web\CWebApplication.php(282): CController->run('index')
#18 C:\wamp\www\git_local\framework\web\CWebApplication.php(141): CWebApplication->runController('catalog/index')
#19 C:\wamp\www\git_local\framework\base\CApplication.php(169): CWebApplication->processRequest()
#20 C:\wamp\www\git_local\yii_kg\index.php(23): CApplication->run()
#21 {main}
REQUEST_URI=/git_local/yii_kg/catalog/index
HTTP_REFERER=http://localhost/git_local/yii_kg/site/index
---
2013/03/20 16:25:39 [error] [exception.CHttpException.404] exception 'CHttpException' with message 'The requested view "index" was not found.' in C:\wamp\www\git_local\framework\web\actions\CViewAction.php:112
Stack trace:
#0 C:\wamp\www\git_local\framework\web\actions\CViewAction.php(123): CViewAction->resolveView('index')
#1 C:\wamp\www\git_local\framework\web\actions\CAction.php(76): CViewAction->run()
#2 C:\wamp\www\git_local\framework\web\CController.php(308): CAction->runWithParams(Array)
#3 C:\wamp\www\git_local\framework\web\CController.php(286): CController->runAction(Object(CViewAction))
#4 C:\wamp\www\git_local\framework\web\CController.php(265): CController->runActionWithFilters(Object(CViewAction), Array)
#5 C:\wamp\www\git_local\framework\web\CWebApplication.php(282): CController->run('page')
#6 C:\wamp\www\git_local\framework\web\CWebApplication.php(141): CWebApplication->runController('site/page/id/sh...')
#7 C:\wamp\www\git_local\framework\base\CApplication.php(169): CWebApplication->processRequest()
#8 C:\wamp\www\git_local\yii_kg\index.php(23): CApplication->run()
#9 {main}
REQUEST_URI=/git_local/yii_kg/site/page/id/shipping
HTTP_REFERER=http://localhost/git_local/yii_kg/site/index
---
